29-Sep-2023 16:49:35, ERROR, Error initializing csv reader: input\models\activityGeneration\frequency\CoefficientsNegBinZero.csv
java.nio.file.NoSuchFileException: input\models\activityGeneration\frequency\CoefficientsNegBinZero.csv
	at java.base/sun.nio.fs.WindowsException.translateToIOException(WindowsException.java:85)
	at java.base/sun.nio.fs.WindowsException.rethrowAsIOException(WindowsException.java:103)
	at java.base/sun.nio.fs.WindowsException.rethrowAsIOException(WindowsException.java:108)
	at java.base/sun.nio.fs.WindowsFileSystemProvider.newByteChannel(WindowsFileSystemProvider.java:236)
	at java.base/java.nio.file.Files.newByteChannel(Files.java:380)
	at java.base/java.nio.file.Files.newByteChannel(Files.java:432)
	at java.base/java.nio.file.spi.FileSystemProvider.newInputStream(FileSystemProvider.java:422)
	at java.base/java.nio.file.Files.newInputStream(Files.java:160)
	at java.base/java.nio.file.Files.newBufferedReader(Files.java:2922)
	at abm.io.input.AbstractCsvReader.initializeReader(AbstractCsvReader.java:55)
	at abm.io.input.AbstractCsvReader.read(AbstractCsvReader.java:33)
	at abm.io.input.CoefficientsReader.read(CoefficientsReader.java:53)
	at abm.io.input.CoefficientsReader.<init>(CoefficientsReader.java:33)
	at abm.models.activityGeneration.frequency.FrequencyGeneratorModel.<init>(FrequencyGeneratorModel.java:43)
	at abm.models.actitivyGeneration.frequency.FrequencyGeneratorModelTest.test(FrequencyGeneratorModelTest.java:60)
	at java.base/jdk.internal.reflect.NativeMethodAccessorImpl.invoke0(Native Method)
	at java.base/jdk.internal.reflect.NativeMethodAccessorImpl.invoke(NativeMethodAccessorImpl.java:77)
	at java.base/jdk.internal.reflect.DelegatingMethodAccessorImpl.invoke(DelegatingMethodAccessorImpl.java:43)
	at java.base/java.lang.reflect.Method.invoke(Method.java:568)
	at org.junit.runners.model.FrameworkMethod$1.runReflectiveCall(FrameworkMethod.java:44)
	at org.junit.internal.runners.model.ReflectiveCallable.run(ReflectiveCallable.java:15)
	at org.junit.runners.model.FrameworkMethod.invokeExplosively(FrameworkMethod.java:41)
	at org.junit.internal.runners.statements.InvokeMethod.evaluate(InvokeMethod.java:20)
	at org.junit.internal.runners.statements.RunBefores.evaluate(RunBefores.java:28)
	at org.junit.internal.runners.statements.RunAfters.evaluate(RunAfters.java:31)
	at org.junit.runners.BlockJUnit4ClassRunner.runChild(BlockJUnit4ClassRunner.java:73)
	at org.junit.runners.BlockJUnit4ClassRunner.runChild(BlockJUnit4ClassRunner.java:46)
	at org.junit.runners.ParentRunner.runChildren(ParentRunner.java:180)
	at org.junit.runners.ParentRunner.access$000(ParentRunner.java:41)
	at org.junit.runners.ParentRunner$1.evaluate(ParentRunner.java:173)
	at org.junit.internal.runners.statements.RunBefores.evaluate(RunBefores.java:28)
	at org.junit.internal.runners.statements.RunAfters.evaluate(RunAfters.java:31)
	at org.junit.runners.ParentRunner.run(ParentRunner.java:220)
	at org.junit.runner.JUnitCore.run(JUnitCore.java:137)
	at com.intellij.junit4.JUnit4IdeaTestRunner.startRunnerWithArgs(JUnit4IdeaTestRunner.java:69)
	at com.intellij.rt.junit.IdeaTestRunner$Repeater$1.execute(IdeaTestRunner.java:38)
	at com.intellij.rt.execution.junit.TestsRepeater.repeat(TestsRepeater.java:11)
	at com.intellij.rt.junit.IdeaTestRunner$Repeater.startRunnerWithArgs(IdeaTestRunner.java:35)
	at com.intellij.rt.junit.JUnitStarter.prepareStreamsAndStart(JUnitStarter.java:232)
	at com.intellij.rt.junit.JUnitStarter.main(JUnitStarter.java:55)
05-Oct-2023 15:06:36, ERROR, Error initializing csv reader: input\models\activityGeneration\frequency\CoefficientsNegBinZero.csv
java.nio.file.NoSuchFileException: input\models\activityGeneration\frequency\CoefficientsNegBinZero.csv
	at java.base/sun.nio.fs.WindowsException.translateToIOException(WindowsException.java:85)
	at java.base/sun.nio.fs.WindowsException.rethrowAsIOException(WindowsException.java:103)
	at java.base/sun.nio.fs.WindowsException.rethrowAsIOException(WindowsException.java:108)
	at java.base/sun.nio.fs.WindowsFileSystemProvider.newByteChannel(WindowsFileSystemProvider.java:236)
	at java.base/java.nio.file.Files.newByteChannel(Files.java:380)
	at java.base/java.nio.file.Files.newByteChannel(Files.java:432)
	at java.base/java.nio.file.spi.FileSystemProvider.newInputStream(FileSystemProvider.java:422)
	at java.base/java.nio.file.Files.newInputStream(Files.java:160)
	at java.base/java.nio.file.Files.newBufferedReader(Files.java:2922)
	at abm.io.input.AbstractCsvReader.initializeReader(AbstractCsvReader.java:55)
	at abm.io.input.AbstractCsvReader.read(AbstractCsvReader.java:33)
	at abm.io.input.CoefficientsReader.read(CoefficientsReader.java:53)
	at abm.io.input.CoefficientsReader.<init>(CoefficientsReader.java:33)
	at abm.models.activityGeneration.frequency.FrequencyGeneratorModel.<init>(FrequencyGeneratorModel.java:51)
	at abm.models.actitivyGeneration.frequency.FrequencyGeneratorModelTest.test(FrequencyGeneratorModelTest.java:60)
	at java.base/jdk.internal.reflect.NativeMethodAccessorImpl.invoke0(Native Method)
	at java.base/jdk.internal.reflect.NativeMethodAccessorImpl.invoke(NativeMethodAccessorImpl.java:77)
	at java.base/jdk.internal.reflect.DelegatingMethodAccessorImpl.invoke(DelegatingMethodAccessorImpl.java:43)
	at java.base/java.lang.reflect.Method.invoke(Method.java:568)
	at org.junit.runners.model.FrameworkMethod$1.runReflectiveCall(FrameworkMethod.java:44)
	at org.junit.internal.runners.model.ReflectiveCallable.run(ReflectiveCallable.java:15)
	at org.junit.runners.model.FrameworkMethod.invokeExplosively(FrameworkMethod.java:41)
	at org.junit.internal.runners.statements.InvokeMethod.evaluate(InvokeMethod.java:20)
	at org.junit.internal.runners.statements.RunBefores.evaluate(RunBefores.java:28)
	at org.junit.internal.runners.statements.RunAfters.evaluate(RunAfters.java:31)
	at org.junit.runners.BlockJUnit4ClassRunner.runChild(BlockJUnit4ClassRunner.java:73)
	at org.junit.runners.BlockJUnit4ClassRunner.runChild(BlockJUnit4ClassRunner.java:46)
	at org.junit.runners.ParentRunner.runChildren(ParentRunner.java:180)
	at org.junit.runners.ParentRunner.access$000(ParentRunner.java:41)
	at org.junit.runners.ParentRunner$1.evaluate(ParentRunner.java:173)
	at org.junit.internal.runners.statements.RunBefores.evaluate(RunBefores.java:28)
	at org.junit.internal.runners.statements.RunAfters.evaluate(RunAfters.java:31)
	at org.junit.runners.ParentRunner.run(ParentRunner.java:220)
	at org.junit.runner.JUnitCore.run(JUnitCore.java:137)
	at com.intellij.junit4.JUnit4IdeaTestRunner.startRunnerWithArgs(JUnit4IdeaTestRunner.java:69)
	at com.intellij.rt.junit.IdeaTestRunner$Repeater$1.execute(IdeaTestRunner.java:38)
	at com.intellij.rt.execution.junit.TestsRepeater.repeat(TestsRepeater.java:11)
	at com.intellij.rt.junit.IdeaTestRunner$Repeater.startRunnerWithArgs(IdeaTestRunner.java:35)
	at com.intellij.rt.junit.JUnitStarter.prepareStreamsAndStart(JUnitStarter.java:232)
	at com.intellij.rt.junit.JUnitStarter.main(JUnitStarter.java:55)
05-Oct-2023 15:07:04, ERROR, Error initializing csv reader: input\models\activityGeneration\frequency\CoefficientsNegBinZero.csv
java.nio.file.NoSuchFileException: input\models\activityGeneration\frequency\CoefficientsNegBinZero.csv
	at java.base/sun.nio.fs.WindowsException.translateToIOException(WindowsException.java:85)
	at java.base/sun.nio.fs.WindowsException.rethrowAsIOException(WindowsException.java:103)
	at java.base/sun.nio.fs.WindowsException.rethrowAsIOException(WindowsException.java:108)
	at java.base/sun.nio.fs.WindowsFileSystemProvider.newByteChannel(WindowsFileSystemProvider.java:236)
	at java.base/java.nio.file.Files.newByteChannel(Files.java:380)
	at java.base/java.nio.file.Files.newByteChannel(Files.java:432)
	at java.base/java.nio.file.spi.FileSystemProvider.newInputStream(FileSystemProvider.java:422)
	at java.base/java.nio.file.Files.newInputStream(Files.java:160)
	at java.base/java.nio.file.Files.newBufferedReader(Files.java:2922)
	at abm.io.input.AbstractCsvReader.initializeReader(AbstractCsvReader.java:55)
	at abm.io.input.AbstractCsvReader.read(AbstractCsvReader.java:33)
	at abm.io.input.CoefficientsReader.read(CoefficientsReader.java:53)
	at abm.io.input.CoefficientsReader.<init>(CoefficientsReader.java:33)
	at abm.models.activityGeneration.frequency.FrequencyGeneratorModel.<init>(FrequencyGeneratorModel.java:51)
	at abm.models.actitivyGeneration.frequency.FrequencyGeneratorModelTest.test(FrequencyGeneratorModelTest.java:60)
	at java.base/jdk.internal.reflect.NativeMethodAccessorImpl.invoke0(Native Method)
	at java.base/jdk.internal.reflect.NativeMethodAccessorImpl.invoke(NativeMethodAccessorImpl.java:77)
	at java.base/jdk.internal.reflect.DelegatingMethodAccessorImpl.invoke(DelegatingMethodAccessorImpl.java:43)
	at java.base/java.lang.reflect.Method.invoke(Method.java:568)
	at org.junit.runners.model.FrameworkMethod$1.runReflectiveCall(FrameworkMethod.java:44)
	at org.junit.internal.runners.model.ReflectiveCallable.run(ReflectiveCallable.java:15)
	at org.junit.runners.model.FrameworkMethod.invokeExplosively(FrameworkMethod.java:41)
	at org.junit.internal.runners.statements.InvokeMethod.evaluate(InvokeMethod.java:20)
	at org.junit.internal.runners.statements.RunBefores.evaluate(RunBefores.java:28)
	at org.junit.internal.runners.statements.RunAfters.evaluate(RunAfters.java:31)
	at org.junit.runners.BlockJUnit4ClassRunner.runChild(BlockJUnit4ClassRunner.java:73)
	at org.junit.runners.BlockJUnit4ClassRunner.runChild(BlockJUnit4ClassRunner.java:46)
	at org.junit.runners.ParentRunner.runChildren(ParentRunner.java:180)
	at org.junit.runners.ParentRunner.access$000(ParentRunner.java:41)
	at org.junit.runners.ParentRunner$1.evaluate(ParentRunner.java:173)
	at org.junit.internal.runners.statements.RunBefores.evaluate(RunBefores.java:28)
	at org.junit.internal.runners.statements.RunAfters.evaluate(RunAfters.java:31)
	at org.junit.runners.ParentRunner.run(ParentRunner.java:220)
	at org.junit.runner.JUnitCore.run(JUnitCore.java:137)
	at com.intellij.junit4.JUnit4IdeaTestRunner.startRunnerWithArgs(JUnit4IdeaTestRunner.java:69)
	at com.intellij.rt.junit.IdeaTestRunner$Repeater$1.execute(IdeaTestRunner.java:38)
	at com.intellij.rt.execution.junit.TestsRepeater.repeat(TestsRepeater.java:11)
	at com.intellij.rt.junit.IdeaTestRunner$Repeater.startRunnerWithArgs(IdeaTestRunner.java:35)
	at com.intellij.rt.junit.JUnitStarter.prepareStreamsAndStart(JUnitStarter.java:232)
	at com.intellij.rt.junit.JUnitStarter.main(JUnitStarter.java:55)
05-Oct-2023 15:08:19, ERROR, Error initializing csv reader: input\models\activityGeneration\frequency\CoefficientsNegBinZero.csv
java.nio.file.NoSuchFileException: input\models\activityGeneration\frequency\CoefficientsNegBinZero.csv
	at java.base/sun.nio.fs.WindowsException.translateToIOException(WindowsException.java:85)
	at java.base/sun.nio.fs.WindowsException.rethrowAsIOException(WindowsException.java:103)
	at java.base/sun.nio.fs.WindowsException.rethrowAsIOException(WindowsException.java:108)
	at java.base/sun.nio.fs.WindowsFileSystemProvider.newByteChannel(WindowsFileSystemProvider.java:236)
	at java.base/java.nio.file.Files.newByteChannel(Files.java:380)
	at java.base/java.nio.file.Files.newByteChannel(Files.java:432)
	at java.base/java.nio.file.spi.FileSystemProvider.newInputStream(FileSystemProvider.java:422)
	at java.base/java.nio.file.Files.newInputStream(Files.java:160)
	at java.base/java.nio.file.Files.newBufferedReader(Files.java:2922)
	at abm.io.input.AbstractCsvReader.initializeReader(AbstractCsvReader.java:55)
	at abm.io.input.AbstractCsvReader.read(AbstractCsvReader.java:33)
	at abm.io.input.CoefficientsReader.read(CoefficientsReader.java:53)
	at abm.io.input.CoefficientsReader.<init>(CoefficientsReader.java:33)
	at abm.models.activityGeneration.frequency.FrequencyGeneratorModel.<init>(FrequencyGeneratorModel.java:51)
	at abm.models.actitivyGeneration.frequency.FrequencyGeneratorModelTest.test(FrequencyGeneratorModelTest.java:60)
	at java.base/jdk.internal.reflect.NativeMethodAccessorImpl.invoke0(Native Method)
	at java.base/jdk.internal.reflect.NativeMethodAccessorImpl.invoke(NativeMethodAccessorImpl.java:77)
	at java.base/jdk.internal.reflect.DelegatingMethodAccessorImpl.invoke(DelegatingMethodAccessorImpl.java:43)
	at java.base/java.lang.reflect.Method.invoke(Method.java:568)
	at org.junit.runners.model.FrameworkMethod$1.runReflectiveCall(FrameworkMethod.java:44)
	at org.junit.internal.runners.model.ReflectiveCallable.run(ReflectiveCallable.java:15)
	at org.junit.runners.model.FrameworkMethod.invokeExplosively(FrameworkMethod.java:41)
	at org.junit.internal.runners.statements.InvokeMethod.evaluate(InvokeMethod.java:20)
	at org.junit.internal.runners.statements.RunBefores.evaluate(RunBefores.java:28)
	at org.junit.internal.runners.statements.RunAfters.evaluate(RunAfters.java:31)
	at org.junit.runners.BlockJUnit4ClassRunner.runChild(BlockJUnit4ClassRunner.java:73)
	at org.junit.runners.BlockJUnit4ClassRunner.runChild(BlockJUnit4ClassRunner.java:46)
	at org.junit.runners.ParentRunner.runChildren(ParentRunner.java:180)
	at org.junit.runners.ParentRunner.access$000(ParentRunner.java:41)
	at org.junit.runners.ParentRunner$1.evaluate(ParentRunner.java:173)
	at org.junit.internal.runners.statements.RunBefores.evaluate(RunBefores.java:28)
	at org.junit.internal.runners.statements.RunAfters.evaluate(RunAfters.java:31)
	at org.junit.runners.ParentRunner.run(ParentRunner.java:220)
	at org.junit.runner.JUnitCore.run(JUnitCore.java:137)
	at com.intellij.junit4.JUnit4IdeaTestRunner.startRunnerWithArgs(JUnit4IdeaTestRunner.java:69)
	at com.intellij.rt.junit.IdeaTestRunner$Repeater$1.execute(IdeaTestRunner.java:38)
	at com.intellij.rt.execution.junit.TestsRepeater.repeat(TestsRepeater.java:11)
	at com.intellij.rt.junit.IdeaTestRunner$Repeater.startRunnerWithArgs(IdeaTestRunner.java:35)
	at com.intellij.rt.junit.JUnitStarter.prepareStreamsAndStart(JUnitStarter.java:232)
	at com.intellij.rt.junit.JUnitStarter.main(JUnitStarter.java:55)
05-Oct-2023 15:12:42, INFO, Trying to set up native hdf5 lib
05-Oct-2023 15:12:42, INFO, Detected windows OS.
05-Oct-2023 15:12:43, INFO, Hdf5 library successfully located.
05-Oct-2023 15:12:43, INFO, Reading data
05-Oct-2023 15:12:43, INFO, will try to read from C:\Models\abit\input\geo\zoneShapefile\zones.shp
